2026-01-27T18:49:23.629+03:00  INFO 81274 --- [studData] [restartedMain] c.example.studdata.StudDataApplication   : Starting StudDataApplication using Java 23.0.2 with PID 81274 (/Users/a1234/Downloads/studData-master/target/classes started by a1234 in /Users/a1234/Downloads/studData-master)
2026-01-27T18:49:23.634+03:00  INFO 81274 --- [studData] [restartedMain] c.example.studdata.StudDataApplication   : The following 1 profile is active: "development"
2026-01-27T18:49:23.663+03:00  INFO 81274 --- [studData] [restartedMain] .e.DevToolsPropertyDefaultsPostProcessor : Devtools property defaults active! Set 'spring.devtools.add-properties' to 'false' to disable
2026-01-27T18:49:23.663+03:00  INFO 81274 --- [studData] [restartedMain] .e.DevToolsPropertyDefaultsPostProcessor : For additional web related logging consider setting the 'logging.level.web' property to 'DEBUG'
2026-01-27T18:49:24.092+03:00  INFO 81274 --- [studData] [restartedMain] .s.d.r.c.RepositoryConfigurationDelegate : Bootstrapping Spring Data JPA repositories in DEFAULT mode.
2026-01-27T18:49:24.118+03:00  INFO 81274 --- [studData] [restartedMain] .s.d.r.c.RepositoryConfigurationDelegate : Finished Spring Data repository scanning in 23 ms. Found 5 JPA repository interfaces.
2026-01-27T18:49:24.472+03:00  INFO 81274 --- [studData] [restartedMain] o.s.b.w.embedded.tomcat.TomcatWebServer  : Tomcat initialized with port 8081 (http)
2026-01-27T18:49:24.479+03:00  INFO 81274 --- [studData] [restartedMain] o.apache.catalina.core.StandardService   : Starting service [Tomcat]
2026-01-27T18:49:24.479+03:00  INFO 81274 --- [studData] [restartedMain] o.apache.catalina.core.StandardEngine    : Starting Servlet engine: [Apache Tomcat/10.1.31]
2026-01-27T18:49:24.496+03:00  INFO 81274 --- [studData] [restartedMain] o.a.c.c.C.[Tomcat].[localhost].[/]       : Initializing Spring embedded WebApplicationContext
2026-01-27T18:49:24.497+03:00  INFO 81274 --- [studData] [restartedMain] w.s.c.ServletWebServerApplicationContext : Root WebApplicationContext: initialization completed in 834 ms
2026-01-27T18:49:24.671+03:00  INFO 81274 --- [studData] [restartedMain] com.zaxxer.hikari.HikariDataSource       : HikariPool-1 - Starting...
2026-01-27T18:49:24.889+03:00  INFO 81274 --- [studData] [restartedMain] com.zaxxer.hikari.pool.HikariPool        : HikariPool-1 - Added connection com.mysql.cj.jdbc.ConnectionImpl@31e701fc
2026-01-27T18:49:24.890+03:00  INFO 81274 --- [studData] [restartedMain] com.zaxxer.hikari.HikariDataSource       : HikariPool-1 - Start completed.
2026-01-27T18:49:24.947+03:00  INFO 81274 --- [studData] [restartedMain] org.flywaydb.core.FlywayExecutor         : Database: jdbc:mysql://localhost:3306/students_db (MySQL 9.1)
2026-01-27T18:49:24.954+03:00  WARN 81274 --- [studData] [restartedMain] o.f.c.internal.database.base.Database    : Flyway upgrade recommended: MySQL 9.1 is newer than this version of Flyway and support has not been tested. The latest supported version of MySQL is 8.1.
2026-01-27T18:49:24.987+03:00  INFO 81274 --- [studData] [restartedMain] o.f.core.internal.command.DbValidate     : Successfully validated 3 migrations (execution time 00:00.023s)
2026-01-27T18:49:24.992+03:00  INFO 81274 --- [studData] [restartedMain] o.f.core.internal.command.DbMigrate      : Current version of schema `students_db`: 2
2026-01-27T18:49:24.994+03:00  INFO 81274 --- [studData] [restartedMain] o.f.core.internal.command.DbMigrate      : Schema `students_db` is up to date. No migration necessary.
2026-01-27T18:49:25.035+03:00  INFO 81274 --- [studData] [restartedMain] o.hibernate.jpa.internal.util.LogHelper  : HHH000204: Processing PersistenceUnitInfo [name: default]
2026-01-27T18:49:25.061+03:00  INFO 81274 --- [studData] [restartedMain] org.hibernate.Version                    : HHH000412: Hibernate ORM core version 6.5.3.Final
2026-01-27T18:49:25.078+03:00  INFO 81274 --- [studData] [restartedMain] o.h.c.internal.RegionFactoryInitiator    : HHH000026: Second-level cache disabled
2026-01-27T18:49:25.231+03:00  INFO 81274 --- [studData] [restartedMain] o.s.o.j.p.SpringPersistenceUnitInfo      : No LoadTimeWeaver setup: ignoring JPA class transformer
2026-01-27T18:49:25.271+03:00  WARN 81274 --- [studData] [restartedMain] org.hibernate.orm.deprecation            : HHH90000025: MySQLDialect does not need to be specified explicitly using 'hibernate.dialect' (remove the property setting and it will be selected by default)
2026-01-27T18:49:25.656+03:00  INFO 81274 --- [studData] [restartedMain] o.h.e.t.j.p.i.JtaPlatformInitiator       : HHH000489: No JTA platform available (set 'hibernate.transaction.jta.platform' to enable JTA platform integration)
2026-01-27T18:49:25.708+03:00  INFO 81274 --- [studData] [restartedMain] j.LocalContainerEntityManagerFactoryBean : Initialized JPA EntityManagerFactory for persistence unit 'default'
2026-01-27T18:49:25.929+03:00  INFO 81274 --- [studData] [restartedMain] o.s.d.j.r.query.QueryEnhancerFactory     : Hibernate is in classpath; If applicable, HQL parser will be used.
2026-01-27T18:49:26.309+03:00  INFO 81274 --- [studData] [restartedMain] c.e.studdata.util.ApplicationMetrics     : Application metrics initialized
2026-01-27T18:49:26.347+03:00  WARN 81274 --- [studData] [restartedMain] JpaBaseConfiguration$JpaWebConfiguration : spring.jpa.open-in-view is enabled by default. Therefore, database queries may be performed during view rendering. Explicitly configure spring.jpa.open-in-view to disable this warning
2026-01-27T18:49:26.452+03:00  INFO 81274 --- [studData] [restartedMain] r$InitializeUserDetailsManagerConfigurer : Global AuthenticationManager configured with UserDetailsService bean with name userDetailsService
2026-01-27T18:49:26.629+03:00  INFO 81274 --- [studData] [restartedMain] o.s.b.a.e.web.EndpointLinksResolver      : Exposing 4 endpoints beneath base path '/actuator'
2026-01-27T18:49:26.662+03:00 DEBUG 81274 --- [studData] [restartedMain] o.s.s.web.DefaultSecurityFilterChain     : Will secure any request with filters: DisableEncodeUrlFilter, WebAsyncManagerIntegrationFilter, SecurityContextHolderFilter, HeaderWriterFilter, LogoutFilter, UsernamePasswordAuthenticationFilter, DefaultLoginPageGeneratingFilter, DefaultLogoutPageGeneratingFilter, RequestCacheAwareFilter, SecurityContextHolderAwareRequestFilter, AnonymousAuthenticationFilter, ExceptionTranslationFilter, AuthorizationFilter
2026-01-27T18:49:26.840+03:00  INFO 81274 --- [studData] [restartedMain] o.s.b.d.a.OptionalLiveReloadServer       : LiveReload server is running on port 35729
2026-01-27T18:49:26.882+03:00  INFO 81274 --- [studData] [restartedMain] o.s.b.w.embedded.tomcat.TomcatWebServer  : Tomcat started on port 8081 (http) with context path '/'
2026-01-27T18:49:26.901+03:00  INFO 81274 --- [studData] [restartedMain] c.example.studdata.StudDataApplication   : Started StudDataApplication in 3.486 seconds (process running for 3.796)
2026-01-27T18:49:26.959+03:00  INFO 81274 --- [studData] [restartedMain] c.e.studdata.config.DataInitializer      : 🔄 Инициализация базовых данных...
2026-01-27T18:49:26.992+03:00 DEBUG 81274 --- [studData] [restartedMain] org.hibernate.SQL                        : 
    select
        count(*) 
    from
        faculties f1_0
2026-01-27T18:49:27.038+03:00 DEBUG 81274 --- [studData] [restartedMain] org.hibernate.SQL                        : 
    select
        f1_0.id,
        f1_0.name 
    from
        faculties f1_0 
    where
        f1_0.name=? 
    limit
        ?
2026-01-27T18:49:27.044+03:00 DEBUG 81274 --- [studData] [restartedMain] org.hibernate.SQL                        : 
    select
        f1_0.id,
        f1_0.name 
    from
        faculties f1_0 
    where
        f1_0.name=? 
    limit
        ?
2026-01-27T18:49:27.047+03:00 DEBUG 81274 --- [studData] [restartedMain] org.hibernate.SQL                        : 
    select
        count(*) 
    from
        study_forms sf1_0
2026-01-27T18:49:27.064+03:00 DEBUG 81274 --- [studData] [restartedMain] org.hibernate.SQL                        : 
    select
        count(*) 
    from
        scholarships s1_0
2026-01-27T18:49:27.071+03:00 DEBUG 81274 --- [studData] [restartedMain] org.hibernate.SQL                        : 
    select
        count(*) 
    from
        foundations f1_0
2026-01-27T18:49:27.091+03:00 DEBUG 81274 --- [studData] [restartedMain] org.hibernate.SQL                        : 
    select
        f1_0.id,
        f1_0.name 
    from
        foundations f1_0 
    where
        f1_0.name=?
2026-01-27T18:49:27.099+03:00 DEBUG 81274 --- [studData] [restartedMain] org.hibernate.SQL                        : 
    select
        f1_0.id,
        f1_0.name 
    from
        foundations f1_0 
    where
        f1_0.name=?
2026-01-27T18:49:27.101+03:00  INFO 81274 --- [studData] [restartedMain] c.e.studdata.config.DataInitializer      : 🎉 Инициализация базовых данных завершена!
2026-01-27T18:49:27.103+03:00  INFO 81274 --- [studData] [restartedMain] c.example.studdata.config.NetworkConfig  : 🌐 Приложение запущено и доступно по адресам:
2026-01-27T18:49:27.103+03:00  INFO 81274 --- [studData] [restartedMain] c.example.studdata.config.NetworkConfig  : 🏠 Локальный доступ: http://localhost:8081
2026-01-27T18:49:27.104+03:00  INFO 81274 --- [studData] [restartedMain] c.example.studdata.config.NetworkConfig  : 📱 Доступ из локальной сети: http://192.168.3.246:8081
2026-01-27T18:49:27.104+03:00  INFO 81274 --- [studData] [restartedMain] c.example.studdata.config.NetworkConfig  : 📋 Логин: admin, Пароль: admin
2026-01-27T18:49:27.104+03:00  INFO 81274 --- [studData] [restartedMain] c.example.studdata.config.NetworkConfig  : ============================================================
2026-01-27T18:49:38.376+03:00  INFO 81274 --- [studData] [http-nio-0.0.0.0-8081-exec-1] o.a.c.c.C.[Tomcat].[localhost].[/]       : Initializing Spring DispatcherServlet 'dispatcherServlet'
2026-01-27T18:49:38.377+03:00  INFO 81274 --- [studData] [http-nio-0.0.0.0-8081-exec-1] o.s.web.servlet.DispatcherServlet        : Initializing Servlet 'dispatcherServlet'
2026-01-27T18:49:38.381+03:00  INFO 81274 --- [studData] [http-nio-0.0.0.0-8081-exec-1] o.s.web.servlet.DispatcherServlet        : Completed initialization in 4 ms
2026-01-27T18:49:38.405+03:00 DEBUG 81274 --- [studData] [http-nio-0.0.0.0-8081-exec-1] o.s.security.web.FilterChainProxy        : Securing GET /
2026-01-27T18:49:38.416+03:00 DEBUG 81274 --- [studData] [http-nio-0.0.0.0-8081-exec-1] o.s.s.w.a.AnonymousAuthenticationFilter  : Set SecurityContextHolder to anonymous SecurityContext
2026-01-27T18:49:38.429+03:00 DEBUG 81274 --- [studData] [http-nio-0.0.0.0-8081-exec-1] o.s.s.w.s.HttpSessionRequestCache        : Saved request http://localhost:8081/?continue to session
2026-01-27T18:49:38.430+03:00 DEBUG 81274 --- [studData] [http-nio-0.0.0.0-8081-exec-1] o.s.s.web.DefaultRedirectStrategy        : Redirecting to http://localhost:8081/login
2026-01-27T18:49:38.469+03:00 DEBUG 81274 --- [studData] [http-nio-0.0.0.0-8081-exec-2] o.s.security.web.FilterChainProxy        : Securing GET /login
2026-01-27T18:49:38.856+03:00 DEBUG 81274 --- [studData] [http-nio-0.0.0.0-8081-exec-3] o.s.security.web.FilterChainProxy        : Securing GET /favicon.ico
2026-01-27T18:49:38.857+03:00 DEBUG 81274 --- [studData] [http-nio-0.0.0.0-8081-exec-3] o.s.s.w.a.AnonymousAuthenticationFilter  : Set SecurityContextHolder to anonymous SecurityContext
2026-01-27T18:49:38.858+03:00 DEBUG 81274 --- [studData] [http-nio-0.0.0.0-8081-exec-3] o.s.s.web.DefaultRedirectStrategy        : Redirecting to http://localhost:8081/login
2026-01-27T18:49:38.861+03:00 DEBUG 81274 --- [studData] [http-nio-0.0.0.0-8081-exec-4] o.s.security.web.FilterChainProxy        : Securing GET /login
2026-01-27T18:49:38.869+03:00 DEBUG 81274 --- [studData] [http-nio-0.0.0.0-8081-exec-5] o.s.security.web.FilterChainProxy        : Securing GET /favicon.ico
2026-01-27T18:49:38.870+03:00 DEBUG 81274 --- [studData] [http-nio-0.0.0.0-8081-exec-5] o.s.s.w.a.AnonymousAuthenticationFilter  : Set SecurityContextHolder to anonymous SecurityContext
2026-01-27T18:49:38.870+03:00 DEBUG 81274 --- [studData] [http-nio-0.0.0.0-8081-exec-5] o.s.s.web.DefaultRedirectStrategy        : Redirecting to http://localhost:8081/login
2026-01-27T18:49:38.873+03:00 DEBUG 81274 --- [studData] [http-nio-0.0.0.0-8081-exec-6] o.s.security.web.FilterChainProxy        : Securing GET /login
2026-01-27T18:53:13.861+03:00 DEBUG 81274 --- [studData] [http-nio-0.0.0.0-8081-exec-9] o.s.security.web.FilterChainProxy        : Securing POST /login
2026-01-27T18:53:14.017+03:00 DEBUG 81274 --- [studData] [http-nio-0.0.0.0-8081-exec-9] o.s.s.a.dao.DaoAuthenticationProvider    : Authenticated user
2026-01-27T18:53:14.028+03:00 DEBUG 81274 --- [studData] [http-nio-0.0.0.0-8081-exec-9] .s.ChangeSessionIdAuthenticationStrategy : Changed session id from 8DC3E4163064123B598EC3151DB8527D
2026-01-27T18:53:14.029+03:00 DEBUG 81274 --- [studData] [http-nio-0.0.0.0-8081-exec-9] w.c.HttpSessionSecurityContextRepository : Stored SecurityContextImpl [Authentication=UsernamePasswordAuthenticationToken [Principal=org.springframework.security.core.userdetails.User [Username=admin, Password=[PROTECTED], Enabled=true, AccountNonExpired=true, CredentialsNonExpired=true, AccountNonLocked=true, Granted Authorities=[ROLE_ADMIN]], Credentials=[PROTECTED], Authenticated=true, Details=WebAuthenticationDetails [RemoteIpAddress=0:0:0:0:0:0:0:1, SessionId=8DC3E4163064123B598EC3151DB8527D], Granted Authorities=[ROLE_ADMIN]]] to HttpSession [org.apache.catalina.session.StandardSessionFacade@23343350]
2026-01-27T18:53:14.029+03:00 DEBUG 81274 --- [studData] [http-nio-0.0.0.0-8081-exec-9] w.a.UsernamePasswordAuthenticationFilter : Set SecurityContextHolder to UsernamePasswordAuthenticationToken [Principal=org.springframework.security.core.userdetails.User [Username=admin, Password=[PROTECTED], Enabled=true, AccountNonExpired=true, CredentialsNonExpired=true, AccountNonLocked=true, Granted Authorities=[ROLE_ADMIN]], Credentials=[PROTECTED], Authenticated=true, Details=WebAuthenticationDetails [RemoteIpAddress=0:0:0:0:0:0:0:1, SessionId=8DC3E4163064123B598EC3151DB8527D], Granted Authorities=[ROLE_ADMIN]]
2026-01-27T18:53:14.030+03:00 DEBUG 81274 --- [studData] [http-nio-0.0.0.0-8081-exec-9] o.s.s.web.DefaultRedirectStrategy        : Redirecting to /
2026-01-27T18:53:14.061+03:00 DEBUG 81274 --- [studData] [http-nio-0.0.0.0-8081-exec-10] o.s.security.web.FilterChainProxy        : Securing GET /
2026-01-27T18:53:14.061+03:00 DEBUG 81274 --- [studData] [http-nio-0.0.0.0-8081-exec-10] w.c.HttpSessionSecurityContextRepository : Retrieved SecurityContextImpl [Authentication=UsernamePasswordAuthenticationToken [Principal=org.springframework.security.core.userdetails.User [Username=admin, Password=[PROTECTED], Enabled=true, AccountNonExpired=true, CredentialsNonExpired=true, AccountNonLocked=true, Granted Authorities=[ROLE_ADMIN]], Credentials=[PROTECTED], Authenticated=true, Details=WebAuthenticationDetails [RemoteIpAddress=0:0:0:0:0:0:0:1, SessionId=8DC3E4163064123B598EC3151DB8527D], Granted Authorities=[ROLE_ADMIN]]]
2026-01-27T18:53:14.064+03:00 DEBUG 81274 --- [studData] [http-nio-0.0.0.0-8081-exec-10] o.s.security.web.FilterChainProxy        : Secured GET /
2026-01-27T18:53:14.168+03:00 DEBUG 81274 --- [studData] [http-nio-0.0.0.0-8081-exec-10] org.hibernate.SQL                        : 
    select
        s1_0.id,
        s1_0.course,
        s1_0.created_date,
        s1_0.faculty_id,
        s1_0.first_name,
        s1_0.foundation_id,
        s1_0.foundation_end_date,
        s1_0.is_indefinite,
        s1_0.is_permanent,
        s1_0.issuance_end_date,
        s1_0.last_name,
        s1_0.middle_name,
        s1_0.order_number,
        s1_0.scholarship_id,
        s1_0.study_form_id,
        s1_0.updated_date 
    from
        students s1_0 
    where
        s1_0.issuance_end_date<=?
2026-01-27T18:53:14.209+03:00  INFO 81274 --- [studData] [http-nio-0.0.0.0-8081-exec-10] c.e.s.service.impl.StudentServiceImpl    : 🔍 Поиск студентов с окончанием основания между 2026-01-27 и 2026-02-03
2026-01-27T18:53:14.213+03:00 DEBUG 81274 --- [studData] [http-nio-0.0.0.0-8081-exec-10] org.hibernate.SQL                        : 
    select
        s1_0.id,
        s1_0.course,
        s1_0.created_date,
        s1_0.faculty_id,
        s1_0.first_name,
        s1_0.foundation_id,
        s1_0.foundation_end_date,
        s1_0.is_indefinite,
        s1_0.is_permanent,
        s1_0.issuance_end_date,
        s1_0.last_name,
        s1_0.middle_name,
        s1_0.order_number,
        s1_0.scholarship_id,
        s1_0.study_form_id,
        s1_0.updated_date 
    from
        students s1_0 
    where
        (
            s1_0.is_permanent is null 
            or s1_0.is_permanent=0
        ) 
        and s1_0.foundation_end_date is not null 
        and s1_0.foundation_end_date between ? and ?
2026-01-27T18:53:14.214+03:00  INFO 81274 --- [studData] [http-nio-0.0.0.0-8081-exec-10] c.e.s.service.impl.StudentServiceImpl    : 📊 Найдено студентов: 0
2026-01-27T18:53:14.217+03:00 DEBUG 81274 --- [studData] [http-nio-0.0.0.0-8081-exec-10] org.hibernate.SQL                        : 
    select
        count(*) 
    from
        students s1_0
2026-01-27T18:53:14.220+03:00 DEBUG 81274 --- [studData] [http-nio-0.0.0.0-8081-exec-10] org.hibernate.SQL                        : 
    select
        s1_0.id,
        s1_0.course,
        s1_0.created_date,
        s1_0.faculty_id,
        s1_0.first_name,
        s1_0.foundation_id,
        s1_0.foundation_end_date,
        s1_0.is_indefinite,
        s1_0.is_permanent,
        s1_0.issuance_end_date,
        s1_0.last_name,
        s1_0.middle_name,
        s1_0.order_number,
        s1_0.scholarship_id,
        s1_0.study_form_id,
        s1_0.updated_date 
    from
        students s1_0 
    where
        (
            s1_0.is_permanent is null 
            or s1_0.is_permanent=0
        ) 
        and s1_0.foundation_end_date is not null 
        and s1_0.foundation_end_date<=?
2026-01-27T18:53:14.222+03:00  INFO 81274 --- [studData] [http-nio-0.0.0.0-8081-exec-10] c.e.studdata.controller.HttpController   : Главная страница загружена. Всего студентов: 12, с истекшим сроком: 12
2026-01-27T18:53:14.414+03:00 DEBUG 81274 --- [studData] [http-nio-0.0.0.0-8081-exec-1] o.s.security.web.FilterChainProxy        : Securing GET /css/style.css
2026-01-27T18:53:14.415+03:00 DEBUG 81274 --- [studData] [http-nio-0.0.0.0-8081-exec-1] o.s.security.web.FilterChainProxy        : Secured GET /css/style.css
2026-01-27T18:53:14.423+03:00 DEBUG 81274 --- [studData] [http-nio-0.0.0.0-8081-exec-1] w.c.HttpSessionSecurityContextRepository : Retrieved SecurityContextImpl [Authentication=UsernamePasswordAuthenticationToken [Principal=org.springframework.security.core.userdetails.User [Username=admin, Password=[PROTECTED], Enabled=true, AccountNonExpired=true, CredentialsNonExpired=true, AccountNonLocked=true, Granted Authorities=[ROLE_ADMIN]], Credentials=[PROTECTED], Authenticated=true, Details=WebAuthenticationDetails [RemoteIpAddress=0:0:0:0:0:0:0:1, SessionId=8DC3E4163064123B598EC3151DB8527D], Granted Authorities=[ROLE_ADMIN]]]
2026-01-27T18:53:16.893+03:00 DEBUG 81274 --- [studData] [http-nio-0.0.0.0-8081-exec-4] o.s.security.web.FilterChainProxy        : Securing GET /students/add
2026-01-27T18:53:16.895+03:00 DEBUG 81274 --- [studData] [http-nio-0.0.0.0-8081-exec-4] w.c.HttpSessionSecurityContextRepository : Retrieved SecurityContextImpl [Authentication=UsernamePasswordAuthenticationToken [Principal=org.springframework.security.core.userdetails.User [Username=admin, Password=[PROTECTED], Enabled=true, AccountNonExpired=true, CredentialsNonExpired=true, AccountNonLocked=true, Granted Authorities=[ROLE_ADMIN]], Credentials=[PROTECTED], Authenticated=true, Details=WebAuthenticationDetails [RemoteIpAddress=0:0:0:0:0:0:0:1, SessionId=8DC3E4163064123B598EC3151DB8527D], Granted Authorities=[ROLE_ADMIN]]]
2026-01-27T18:53:16.895+03:00 DEBUG 81274 --- [studData] [http-nio-0.0.0.0-8081-exec-4] o.s.security.web.FilterChainProxy        : Secured GET /students/add
2026-01-27T18:53:16.947+03:00 DEBUG 81274 --- [studData] [http-nio-0.0.0.0-8081-exec-5] o.s.security.web.FilterChainProxy        : Securing GET /css/style.css
2026-01-27T18:53:16.948+03:00 DEBUG 81274 --- [studData] [http-nio-0.0.0.0-8081-exec-5] o.s.security.web.FilterChainProxy        : Secured GET /css/style.css
2026-01-27T18:53:16.950+03:00 DEBUG 81274 --- [studData] [http-nio-0.0.0.0-8081-exec-5] w.c.HttpSessionSecurityContextRepository : Retrieved SecurityContextImpl [Authentication=UsernamePasswordAuthenticationToken [Principal=org.springframework.security.core.userdetails.User [Username=admin, Password=[PROTECTED], Enabled=true, AccountNonExpired=true, CredentialsNonExpired=true, AccountNonLocked=true, Granted Authorities=[ROLE_ADMIN]], Credentials=[PROTECTED], Authenticated=true, Details=WebAuthenticationDetails [RemoteIpAddress=0:0:0:0:0:0:0:1, SessionId=8DC3E4163064123B598EC3151DB8527D], Granted Authorities=[ROLE_ADMIN]]]
2026-01-27T18:53:18.765+03:00 DEBUG 81274 --- [studData] [http-nio-0.0.0.0-8081-exec-6] o.s.security.web.FilterChainProxy        : Securing GET /students/show
2026-01-27T18:53:18.766+03:00 DEBUG 81274 --- [studData] [http-nio-0.0.0.0-8081-exec-6] w.c.HttpSessionSecurityContextRepository : Retrieved SecurityContextImpl [Authentication=UsernamePasswordAuthenticationToken [Principal=org.springframework.security.core.userdetails.User [Username=admin, Password=[PROTECTED], Enabled=true, AccountNonExpired=true, CredentialsNonExpired=true, AccountNonLocked=true, Granted Authorities=[ROLE_ADMIN]], Credentials=[PROTECTED], Authenticated=true, Details=WebAuthenticationDetails [RemoteIpAddress=0:0:0:0:0:0:0:1, SessionId=8DC3E4163064123B598EC3151DB8527D], Granted Authorities=[ROLE_ADMIN]]]
2026-01-27T18:53:18.766+03:00 DEBUG 81274 --- [studData] [http-nio-0.0.0.0-8081-exec-6] o.s.security.web.FilterChainProxy        : Secured GET /students/show
2026-01-27T18:53:18.772+03:00 DEBUG 81274 --- [studData] [http-nio-0.0.0.0-8081-exec-6] org.hibernate.SQL                        : 
    select
        s1_0.id,
        s1_0.course,
        s1_0.created_date,
        s1_0.faculty_id,
        s1_0.first_name,
        s1_0.foundation_id,
        s1_0.foundation_end_date,
        s1_0.is_indefinite,
        s1_0.is_permanent,
        s1_0.issuance_end_date,
        s1_0.last_name,
        s1_0.middle_name,
        s1_0.order_number,
        s1_0.scholarship_id,
        s1_0.study_form_id,
        s1_0.updated_date 
    from
        students s1_0
2026-01-27T18:53:18.804+03:00 DEBUG 81274 --- [studData] [http-nio-0.0.0.0-8081-exec-6] org.hibernate.SQL                        : 
    select
        f1_0.id,
        f1_0.name 
    from
        faculties f1_0 
    where
        f1_0.id=?
2026-01-27T18:53:18.815+03:00 DEBUG 81274 --- [studData] [http-nio-0.0.0.0-8081-exec-6] org.hibernate.SQL                        : 
    select
        sf1_0.id,
        sf1_0.name 
    from
        study_forms sf1_0 
    where
        sf1_0.id=?
2026-01-27T18:53:18.818+03:00 DEBUG 81274 --- [studData] [http-nio-0.0.0.0-8081-exec-6] org.hibernate.SQL                        : 
    select
        s1_0.id,
        s1_0.name 
    from
        scholarships s1_0 
    where
        s1_0.id=?
2026-01-27T18:53:18.823+03:00 DEBUG 81274 --- [studData] [http-nio-0.0.0.0-8081-exec-7] o.s.security.web.FilterChainProxy        : Securing GET /css/style.css
2026-01-27T18:53:18.823+03:00 DEBUG 81274 --- [studData] [http-nio-0.0.0.0-8081-exec-7] o.s.security.web.FilterChainProxy        : Secured GET /css/style.css
2026-01-27T18:53:18.826+03:00 DEBUG 81274 --- [studData] [http-nio-0.0.0.0-8081-exec-7] w.c.HttpSessionSecurityContextRepository : Retrieved SecurityContextImpl [Authentication=UsernamePasswordAuthenticationToken [Principal=org.springframework.security.core.userdetails.User [Username=admin, Password=[PROTECTED], Enabled=true, AccountNonExpired=true, CredentialsNonExpired=true, AccountNonLocked=true, Granted Authorities=[ROLE_ADMIN]], Credentials=[PROTECTED], Authenticated=true, Details=WebAuthenticationDetails [RemoteIpAddress=0:0:0:0:0:0:0:1, SessionId=8DC3E4163064123B598EC3151DB8527D], Granted Authorities=[ROLE_ADMIN]]]
2026-01-27T18:53:18.831+03:00 DEBUG 81274 --- [studData] [http-nio-0.0.0.0-8081-exec-6] org.hibernate.SQL                        : 
    select
        f1_0.id,
        f1_0.name 
    from
        foundations f1_0 
    where
        f1_0.id=?
2026-01-27T18:53:18.836+03:00 DEBUG 81274 --- [studData] [http-nio-0.0.0.0-8081-exec-6] org.hibernate.SQL                        : 
    select
        sf1_0.id,
        sf1_0.name 
    from
        study_forms sf1_0 
    where
        sf1_0.id=?
2026-01-27T18:53:18.838+03:00 DEBUG 81274 --- [studData] [http-nio-0.0.0.0-8081-exec-6] org.hibernate.SQL                        : 
    select
        s1_0.id,
        s1_0.name 
    from
        scholarships s1_0 
    where
        s1_0.id=?
2026-01-27T18:53:18.840+03:00 DEBUG 81274 --- [studData] [http-nio-0.0.0.0-8081-exec-6] org.hibernate.SQL                        : 
    select
        f1_0.id,
        f1_0.name 
    from
        foundations f1_0 
    where
        f1_0.id=?
2026-01-27T18:53:18.842+03:00 DEBUG 81274 --- [studData] [http-nio-0.0.0.0-8081-exec-6] org.hibernate.SQL                        : 
    select
        f1_0.id,
        f1_0.name 
    from
        foundations f1_0 
    where
        f1_0.id=?
2026-01-27T18:53:18.845+03:00 DEBUG 81274 --- [studData] [http-nio-0.0.0.0-8081-exec-6] org.hibernate.SQL                        : 
    select
        f1_0.id,
        f1_0.name 
    from
        faculties f1_0 
    where
        f1_0.id=?
2026-01-27T18:53:18.849+03:00 DEBUG 81274 --- [studData] [http-nio-0.0.0.0-8081-exec-6] org.hibernate.SQL                        : 
    select
        f1_0.id,
        f1_0.name 
    from
        faculties f1_0 
    where
        f1_0.id=?
2026-01-27T18:53:18.850+03:00 DEBUG 81274 --- [studData] [http-nio-0.0.0.0-8081-exec-6] org.hibernate.SQL                        : 
    select
        f1_0.id,
        f1_0.name 
    from
        foundations f1_0 
    where
        f1_0.id=?
2026-01-27T18:53:18.852+03:00 DEBUG 81274 --- [studData] [http-nio-0.0.0.0-8081-exec-6] org.hibernate.SQL                        : 
    select
        f1_0.id,
        f1_0.name 
    from
        faculties f1_0 
    where
        f1_0.id=?
2026-01-27T18:53:18.854+03:00 DEBUG 81274 --- [studData] [http-nio-0.0.0.0-8081-exec-6] org.hibernate.SQL                        : 
    select
        f1_0.id,
        f1_0.name 
    from
        faculties f1_0 
    where
        f1_0.id=?
2026-01-27T18:53:18.855+03:00 DEBUG 81274 --- [studData] [http-nio-0.0.0.0-8081-exec-6] org.hibernate.SQL                        : 
    select
        f1_0.id,
        f1_0.name 
    from
        faculties f1_0 
    where
        f1_0.id=?
2026-01-27T18:53:18.857+03:00 DEBUG 81274 --- [studData] [http-nio-0.0.0.0-8081-exec-6] org.hibernate.SQL                        : 
    select
        f1_0.id,
        f1_0.name 
    from
        faculties f1_0 
    where
        f1_0.id=?
2026-01-27T18:53:18.859+03:00 DEBUG 81274 --- [studData] [http-nio-0.0.0.0-8081-exec-6] org.hibernate.SQL                        : 
    select
        f1_0.id,
        f1_0.name 
    from
        faculties f1_0 
    where
        f1_0.id=?
2026-01-27T18:53:27.552+03:00 DEBUG 81274 --- [studData] [http-nio-0.0.0.0-8081-exec-10] o.s.security.web.FilterChainProxy        : Securing GET /students/edit/10
2026-01-27T18:53:27.554+03:00 DEBUG 81274 --- [studData] [http-nio-0.0.0.0-8081-exec-10] w.c.HttpSessionSecurityContextRepository : Retrieved SecurityContextImpl [Authentication=UsernamePasswordAuthenticationToken [Principal=org.springframework.security.core.userdetails.User [Username=admin, Password=[PROTECTED], Enabled=true, AccountNonExpired=true, CredentialsNonExpired=true, AccountNonLocked=true, Granted Authorities=[ROLE_ADMIN]], Credentials=[PROTECTED], Authenticated=true, Details=WebAuthenticationDetails [RemoteIpAddress=0:0:0:0:0:0:0:1, SessionId=8DC3E4163064123B598EC3151DB8527D], Granted Authorities=[ROLE_ADMIN]]]
2026-01-27T18:53:27.555+03:00 DEBUG 81274 --- [studData] [http-nio-0.0.0.0-8081-exec-10] o.s.security.web.FilterChainProxy        : Secured GET /students/edit/10
2026-01-27T18:53:27.573+03:00 DEBUG 81274 --- [studData] [http-nio-0.0.0.0-8081-exec-10] org.hibernate.SQL                        : 
    select
        count(*) 
    from
        students s1_0 
    where
        s1_0.id=?
2026-01-27T18:53:27.578+03:00 DEBUG 81274 --- [studData] [http-nio-0.0.0.0-8081-exec-10] org.hibernate.SQL                        : 
    select
        s1_0.id,
        s1_0.course,
        s1_0.created_date,
        s1_0.faculty_id,
        s1_0.first_name,
        s1_0.foundation_id,
        s1_0.foundation_end_date,
        s1_0.is_indefinite,
        s1_0.is_permanent,
        s1_0.issuance_end_date,
        s1_0.last_name,
        s1_0.middle_name,
        s1_0.order_number,
        s1_0.scholarship_id,
        s1_0.study_form_id,
        s1_0.updated_date 
    from
        students s1_0 
    where
        s1_0.id=?
2026-01-27T18:53:27.586+03:00 DEBUG 81274 --- [studData] [http-nio-0.0.0.0-8081-exec-10] org.hibernate.SQL                        : 
    select
        sf1_0.id,
        sf1_0.name 
    from
        study_forms sf1_0 
    where
        sf1_0.id=?
2026-01-27T18:53:27.590+03:00 DEBUG 81274 --- [studData] [http-nio-0.0.0.0-8081-exec-10] org.hibernate.SQL                        : 
    select
        f1_0.id,
        f1_0.name 
    from
        faculties f1_0 
    where
        f1_0.id=?
2026-01-27T18:53:27.594+03:00 DEBUG 81274 --- [studData] [http-nio-0.0.0.0-8081-exec-10] org.hibernate.SQL                        : 
    select
        s1_0.id,
        s1_0.name 
    from
        scholarships s1_0 
    where
        s1_0.id=?
2026-01-27T18:53:27.595+03:00 DEBUG 81274 --- [studData] [http-nio-0.0.0.0-8081-exec-10] org.hibernate.SQL                        : 
    select
        f1_0.id,
        f1_0.name 
    from
        foundations f1_0 
    where
        f1_0.id=?
2026-01-27T18:53:27.627+03:00 DEBUG 81274 --- [studData] [http-nio-0.0.0.0-8081-exec-1] o.s.security.web.FilterChainProxy        : Securing GET /css/style.css
2026-01-27T18:53:27.628+03:00 DEBUG 81274 --- [studData] [http-nio-0.0.0.0-8081-exec-1] o.s.security.web.FilterChainProxy        : Secured GET /css/style.css
2026-01-27T18:53:27.629+03:00 DEBUG 81274 --- [studData] [http-nio-0.0.0.0-8081-exec-1] w.c.HttpSessionSecurityContextRepository : Retrieved SecurityContextImpl [Authentication=UsernamePasswordAuthenticationToken [Principal=org.springframework.security.core.userdetails.User [Username=admin, Password=[PROTECTED], Enabled=true, AccountNonExpired=true, CredentialsNonExpired=true, AccountNonLocked=true, Granted Authorities=[ROLE_ADMIN]], Credentials=[PROTECTED], Authenticated=true, Details=WebAuthenticationDetails [RemoteIpAddress=0:0:0:0:0:0:0:1, SessionId=8DC3E4163064123B598EC3151DB8527D], Granted Authorities=[ROLE_ADMIN]]]
2026-01-27T18:53:31.976+03:00 DEBUG 81274 --- [studData] [http-nio-0.0.0.0-8081-exec-4] o.s.security.web.FilterChainProxy        : Securing POST /students/edit/10
2026-01-27T18:53:31.977+03:00 DEBUG 81274 --- [studData] [http-nio-0.0.0.0-8081-exec-4] w.c.HttpSessionSecurityContextRepository : Retrieved SecurityContextImpl [Authentication=UsernamePasswordAuthenticationToken [Principal=org.springframework.security.core.userdetails.User [Username=admin, Password=[PROTECTED], Enabled=true, AccountNonExpired=true, CredentialsNonExpired=true, AccountNonLocked=true, Granted Authorities=[ROLE_ADMIN]], Credentials=[PROTECTED], Authenticated=true, Details=WebAuthenticationDetails [RemoteIpAddress=0:0:0:0:0:0:0:1, SessionId=8DC3E4163064123B598EC3151DB8527D], Granted Authorities=[ROLE_ADMIN]]]
2026-01-27T18:53:31.978+03:00 DEBUG 81274 --- [studData] [http-nio-0.0.0.0-8081-exec-4] o.s.security.web.FilterChainProxy        : Secured POST /students/edit/10
2026-01-27T18:53:31.994+03:00 DEBUG 81274 --- [studData] [http-nio-0.0.0.0-8081-exec-4] org.hibernate.SQL                        : 
    select
        f1_0.id,
        f1_0.name 
    from
        faculties f1_0 
    where
        f1_0.id=?
2026-01-27T18:53:31.998+03:00 DEBUG 81274 --- [studData] [http-nio-0.0.0.0-8081-exec-4] org.hibernate.SQL                        : 
    select
        sf1_0.id,
        sf1_0.name 
    from
        study_forms sf1_0 
    where
        sf1_0.id=?
2026-01-27T18:53:32.000+03:00 DEBUG 81274 --- [studData] [http-nio-0.0.0.0-8081-exec-4] org.hibernate.SQL                        : 
    select
        s1_0.id,
        s1_0.name 
    from
        scholarships s1_0 
    where
        s1_0.id=?
2026-01-27T18:53:32.002+03:00 DEBUG 81274 --- [studData] [http-nio-0.0.0.0-8081-exec-4] org.hibernate.SQL                        : 
    select
        f1_0.id,
        f1_0.name 
    from
        foundations f1_0 
    where
        f1_0.id=?
2026-01-27T18:53:32.004+03:00 DEBUG 81274 --- [studData] [http-nio-0.0.0.0-8081-exec-4] org.hibernate.SQL                        : 
    select
        s1_0.id,
        s1_0.course,
        s1_0.created_date,
        s1_0.faculty_id,
        s1_0.first_name,
        s1_0.foundation_id,
        s1_0.foundation_end_date,
        s1_0.is_indefinite,
        s1_0.is_permanent,
        s1_0.issuance_end_date,
        s1_0.last_name,
        s1_0.middle_name,
        s1_0.order_number,
        s1_0.scholarship_id,
        s1_0.study_form_id,
        s1_0.updated_date 
    from
        students s1_0 
    where
        s1_0.id=?
2026-01-27T18:53:32.006+03:00  INFO 81274 --- [studData] [http-nio-0.0.0.0-8081-exec-4] c.e.s.service.impl.StudentServiceImpl    : Сохранение студента: Аминов Абдулманап
2026-01-27T18:53:32.012+03:00  INFO 81274 --- [studData] [http-nio-0.0.0.0-8081-exec-4] c.e.s.service.impl.StudentServiceImpl    : Студент сохранен с ID: 10
2026-01-27T18:53:32.026+03:00 DEBUG 81274 --- [studData] [http-nio-0.0.0.0-8081-exec-4] org.hibernate.SQL                        : 
    update
        students 
    set
        course=?,
        created_date=?,
        faculty_id=?,
        first_name=?,
        foundation_id=?,
        foundation_end_date=?,
        is_indefinite=?,
        is_permanent=?,
        issuance_end_date=?,
        last_name=?,
        middle_name=?,
        order_number=?,
        scholarship_id=?,
        study_form_id=?,
        updated_date=? 
    where
        id=?
2026-01-27T18:53:32.066+03:00 DEBUG 81274 --- [studData] [http-nio-0.0.0.0-8081-exec-5] o.s.security.web.FilterChainProxy        : Securing GET /students/show
2026-01-27T18:53:32.066+03:00 DEBUG 81274 --- [studData] [http-nio-0.0.0.0-8081-exec-5] w.c.HttpSessionSecurityContextRepository : Retrieved SecurityContextImpl [Authentication=UsernamePasswordAuthenticationToken [Principal=org.springframework.security.core.userdetails.User [Username=admin, Password=[PROTECTED], Enabled=true, AccountNonExpired=true, CredentialsNonExpired=true, AccountNonLocked=true, Granted Authorities=[ROLE_ADMIN]], Credentials=[PROTECTED], Authenticated=true, Details=WebAuthenticationDetails [RemoteIpAddress=0:0:0:0:0:0:0:1, SessionId=8DC3E4163064123B598EC3151DB8527D], Granted Authorities=[ROLE_ADMIN]]]
2026-01-27T18:53:32.066+03:00 DEBUG 81274 --- [studData] [http-nio-0.0.0.0-8081-exec-5] o.s.security.web.FilterChainProxy        : Secured GET /students/show
2026-01-27T18:53:32.068+03:00 DEBUG 81274 --- [studData] [http-nio-0.0.0.0-8081-exec-5] org.hibernate.SQL                        : 
    select
        s1_0.id,
        s1_0.course,
        s1_0.created_date,
        s1_0.faculty_id,
        s1_0.first_name,
        s1_0.foundation_id,
        s1_0.foundation_end_date,
        s1_0.is_indefinite,
        s1_0.is_permanent,
        s1_0.issuance_end_date,
        s1_0.last_name,
        s1_0.middle_name,
        s1_0.order_number,
        s1_0.scholarship_id,
        s1_0.study_form_id,
        s1_0.updated_date 
    from
        students s1_0
2026-01-27T18:53:32.076+03:00 DEBUG 81274 --- [studData] [http-nio-0.0.0.0-8081-exec-5] org.hibernate.SQL                        : 
    select
        f1_0.id,
        f1_0.name 
    from
        faculties f1_0 
    where
        f1_0.id=?
2026-01-27T18:53:32.077+03:00 DEBUG 81274 --- [studData] [http-nio-0.0.0.0-8081-exec-5] org.hibernate.SQL                        : 
    select
        sf1_0.id,
        sf1_0.name 
    from
        study_forms sf1_0 
    where
        sf1_0.id=?
2026-01-27T18:53:32.078+03:00 DEBUG 81274 --- [studData] [http-nio-0.0.0.0-8081-exec-5] org.hibernate.SQL                        : 
    select
        s1_0.id,
        s1_0.name 
    from
        scholarships s1_0 
    where
        s1_0.id=?
2026-01-27T18:53:32.079+03:00 DEBUG 81274 --- [studData] [http-nio-0.0.0.0-8081-exec-5] org.hibernate.SQL                        : 
    select
        f1_0.id,
        f1_0.name 
    from
        foundations f1_0 
    where
        f1_0.id=?
2026-01-27T18:53:32.080+03:00 DEBUG 81274 --- [studData] [http-nio-0.0.0.0-8081-exec-5] org.hibernate.SQL                        : 
    select
        sf1_0.id,
        sf1_0.name 
    from
        study_forms sf1_0 
    where
        sf1_0.id=?
2026-01-27T18:53:32.080+03:00 DEBUG 81274 --- [studData] [http-nio-0.0.0.0-8081-exec-5] org.hibernate.SQL                        : 
    select
        s1_0.id,
        s1_0.name 
    from
        scholarships s1_0 
    where
        s1_0.id=?
2026-01-27T18:53:32.081+03:00 DEBUG 81274 --- [studData] [http-nio-0.0.0.0-8081-exec-5] org.hibernate.SQL                        : 
    select
        f1_0.id,
        f1_0.name 
    from
        foundations f1_0 
    where
        f1_0.id=?
2026-01-27T18:53:32.082+03:00 DEBUG 81274 --- [studData] [http-nio-0.0.0.0-8081-exec-5] org.hibernate.SQL                        : 
    select
        f1_0.id,
        f1_0.name 
    from
        foundations f1_0 
    where
        f1_0.id=?
2026-01-27T18:53:32.082+03:00 DEBUG 81274 --- [studData] [http-nio-0.0.0.0-8081-exec-5] org.hibernate.SQL                        : 
    select
        f1_0.id,
        f1_0.name 
    from
        faculties f1_0 
    where
        f1_0.id=?
2026-01-27T18:53:32.083+03:00 DEBUG 81274 --- [studData] [http-nio-0.0.0.0-8081-exec-5] org.hibernate.SQL                        : 
    select
        f1_0.id,
        f1_0.name 
    from
        faculties f1_0 
    where
        f1_0.id=?
2026-01-27T18:53:32.084+03:00 DEBUG 81274 --- [studData] [http-nio-0.0.0.0-8081-exec-5] org.hibernate.SQL                        : 
    select
        f1_0.id,
        f1_0.name 
    from
        foundations f1_0 
    where
        f1_0.id=?
2026-01-27T18:53:32.085+03:00 DEBUG 81274 --- [studData] [http-nio-0.0.0.0-8081-exec-5] org.hibernate.SQL                        : 
    select
        f1_0.id,
        f1_0.name 
    from
        faculties f1_0 
    where
        f1_0.id=?
2026-01-27T18:53:32.087+03:00 DEBUG 81274 --- [studData] [http-nio-0.0.0.0-8081-exec-5] org.hibernate.SQL                        : 
    select
        f1_0.id,
        f1_0.name 
    from
        faculties f1_0 
    where
        f1_0.id=?
2026-01-27T18:53:32.088+03:00 DEBUG 81274 --- [studData] [http-nio-0.0.0.0-8081-exec-5] org.hibernate.SQL                        : 
    select
        f1_0.id,
        f1_0.name 
    from
        faculties f1_0 
    where
        f1_0.id=?
2026-01-27T18:53:32.089+03:00 DEBUG 81274 --- [studData] [http-nio-0.0.0.0-8081-exec-5] org.hibernate.SQL                        : 
    select
        f1_0.id,
        f1_0.name 
    from
        faculties f1_0 
    where
        f1_0.id=?
2026-01-27T18:53:32.093+03:00 DEBUG 81274 --- [studData] [http-nio-0.0.0.0-8081-exec-5] org.hibernate.SQL                        : 
    select
        f1_0.id,
        f1_0.name 
    from
        faculties f1_0 
    where
        f1_0.id=?
2026-01-27T18:53:32.102+03:00 DEBUG 81274 --- [studData] [http-nio-0.0.0.0-8081-exec-7] o.s.security.web.FilterChainProxy        : Securing GET /css/style.css
2026-01-27T18:53:32.102+03:00 DEBUG 81274 --- [studData] [http-nio-0.0.0.0-8081-exec-7] o.s.security.web.FilterChainProxy        : Secured GET /css/style.css
2026-01-27T18:53:32.103+03:00 DEBUG 81274 --- [studData] [http-nio-0.0.0.0-8081-exec-7] w.c.HttpSessionSecurityContextRepository : Retrieved SecurityContextImpl [Authentication=UsernamePasswordAuthenticationToken [Principal=org.springframework.security.core.userdetails.User [Username=admin, Password=[PROTECTED], Enabled=true, AccountNonExpired=true, CredentialsNonExpired=true, AccountNonLocked=true, Granted Authorities=[ROLE_ADMIN]], Credentials=[PROTECTED], Authenticated=true, Details=WebAuthenticationDetails [RemoteIpAddress=0:0:0:0:0:0:0:1, SessionId=8DC3E4163064123B598EC3151DB8527D], Granted Authorities=[ROLE_ADMIN]]]
2026-01-27T18:54:18.004+03:00  INFO 81274 --- [studData] [SpringApplicationShutdownHook] j.LocalContainerEntityManagerFactoryBean : Closing JPA EntityManagerFactory for persistence unit 'default'
2026-01-27T18:54:18.009+03:00  INFO 81274 --- [studData] [SpringApplicationShutdownHook] com.zaxxer.hikari.HikariDataSource       : HikariPool-1 - Shutdown initiated...
2026-01-27T18:54:18.013+03:00  INFO 81274 --- [studData] [SpringApplicationShutdownHook] com.zaxxer.hikari.HikariDataSource       : HikariPool-1 - Shutdown completed.
